<?xml version="1.0" encoding="UTF-8"?>
<testsuites name="Gmail_Test Suite" time="92.967" tests="1" failures="0" errors="0">
   <testsuite name="Gmail_Test Suite" tests="1" failures="0" errors="0" time="92.967" skipped="0" timestamp="2023-07-25 15:25:08" hostname="lenovo - DESKTOP-FS73FSD" id="Test Suites/Gmail_Test Suite">
      <properties>
         <property name="deviceName"/>
         <property name="devicePlatform" value="WINDOWS"/>
         <property name="logFolder" value="C:\\Users\\lenovo\\git\\Bakerhill_Project\\Reports\\20230725_152456\\Gmail_Test Suite\\20230725_152456"/>
         <property name="logFiles" value="C:\\Users\\lenovo\\git\\Bakerhill_Project\\Reports\\20230725_152456\\Gmail_Test Suite\\20230725_152456\\execution0.log"/>
         <property name="attachments" value=""/>
         <property name="hostName" value="lenovo - DESKTOP-FS73FSD"/>
         <property name="remoteDriverUrl" value="testcloud.katalon.com/hub"/>
         <property name="desiredCapabilities" value="{
  &quot;networkConnectionEnabled&quot;: false,
  &quot;chrome&quot;: {
    &quot;chromedriverVersion&quot;: &quot;110.0.5481.30 (aedb656755c469651f01505a4f15e153fc606a1e-refs/branch-heads/5481@{#191})&quot;,
    &quot;userDataDir&quot;: &quot;C:\\Program Files (x86)\\scoped_dir3604_890217803&quot;
  },
  &quot;se:cdpVersion&quot;: &quot;110.0.5481.104&quot;,
  &quot;timeouts&quot;: {
    &quot;implicit&quot;: 0,
    &quot;pageLoad&quot;: 300000,
    &quot;script&quot;: 30000
  },
  &quot;pageLoadStrategy&quot;: &quot;normal&quot;,
  &quot;unhandledPromptBehavior&quot;: &quot;dismiss and notify&quot;,
  &quot;strictFileInteractability&quot;: false,
  &quot;platform&quot;: &quot;WINDOWS&quot;,
  &quot;se:cdp&quot;: &quot;ws://10.0.2.15:4444/session/01a8d1f963c18d12af116c02244915c2/se/cdp&quot;,
  &quot;proxy&quot;: {
    &quot;proxyType&quot;: &quot;DIRECT&quot;,
    &quot;autodetect&quot;: false
  },
  &quot;goog:chromeOptions&quot;: {
    &quot;debuggerAddress&quot;: &quot;localhost:49873&quot;
  },
  &quot;requestId&quot;: &quot;16b24a25-11bb-4252-bc00-889be517307b&quot;,
  &quot;webauthn:extension:credBlob&quot;: true,
  &quot;acceptInsecureCerts&quot;: false,
  &quot;browserVersion&quot;: &quot;110.0.0.0&quot;,
  &quot;browserName&quot;: &quot;chrome&quot;,
  &quot;javascriptEnabled&quot;: true,
  &quot;katalon:option&quot;: {
    &quot;unlimitedExecutionMinutes&quot;: true,
    &quot;userId&quot;: 1256149,
    &quot;organizationId&quot;: &quot;1217183&quot;,
    &quot;class&quot;: &quot;com.katalon.testcloud.grid.common.tunnel.domain.UserOptionCapability&quot;,
    &quot;runFromTestCloud&quot;: true,
    &quot;usingTunnel&quot;: false
  },
  &quot;platformName&quot;: &quot;WINDOWS&quot;,
  &quot;setWindowRect&quot;: true,
  &quot;webauthn:extension:largeBlob&quot;: true,
  &quot;webauthn:virtualAuthenticators&quot;: true
}"/>
         <property name="os" value="Windows 10 64bit"/>
         <property name="remoteOS" value="Windows"/>
         <property name="katalonVersion" value="8.6.5.208"/>
         <property name="browser" value="Chrome 110.0.0.0"/>
         <property name="hostAddress" value="192.168.71.13"/>
         <property name="sessionId" value="01a8d1f963c18d12af116c02244915c2"/>
         <property name="seleniumVersion" value="3.141.59"/>
         <property name="proxyInformation" value="ProxyInformation { proxyOption=NO_PROXY, proxyServerType=HTTP, username=, password=********, proxyServerAddress=, proxyServerPort=0, executionList=&quot;&quot;, isApplyToDesiredCapabilities=true }"/>
         <property name="platform" value="Windows 10"/>
      </properties>
      <testcase name="Test Cases/gmail" time="92.393" classname="Test Cases/gmail" status="PASSED">
         <system-out><![CDATA[2023-07-25 15:25:08 - [TEST_CASE][PASSED] - Test Cases/gmail: Test Cases/gmail

2023-07-25 15:25:09 - [TEST_STEP][PASSED] - openBrowser(""): Browser is opened with url: ''

2023-07-25 15:25:10 - [MESSAGE][INFO] - User set preference: ['os', 'windows']

2023-07-25 15:25:10 - [MESSAGE][INFO] - User set preference: ['browserName', 'chrome']

2023-07-25 15:25:10 - [MESSAGE][INFO] - User set preference: ['browserVersion', '110']

2023-07-25 15:25:10 - [MESSAGE][INFO] - User set preference: ['katalon:option', '{organizationId=1217183, tunnelId=, usingTunnel=false}']

2023-07-25 15:25:10 - [MESSAGE][INFO] - Connecting to remote web server 'testcloud.katalon.com/hub' with type 'Selenium'

2023-07-25 15:25:11 - [MESSAGE][INFO] - Action delay is set to 0 milliseconds

2023-07-25 15:26:25 - [MESSAGE][PASSED] - Browser is opened with url: ''

2023-07-25 15:26:25 - [TEST_STEP][PASSED] - navigateToUrl("https://accounts.google.com/v3/signin/identifier?dsh=S771871841%3A1690278105099859&continue=https%3A%2F%2Fmail.google.com%2Fmail%2Fu%2F0%2F&emr=1&followup=https%3A%2F%2Fmail.google.com%2Fmail%2Fu%2F0%2F&ifkv=AeDOFXho48atIudWTii4Fx-88tGYGE1x2JW67E6PyRNyk5VjIYmRC3wiVRoVs7O-oN1n1P-vQYkA&osid=1&passive=1209600&service=mail&flowName=GlifWebSignIn&flowEntry=ServiceLogin"): Navigate to 'https://accounts.google.com/v3/signin/identifier?dsh=S771871841%3A1690278105099859&continue=https%3A%2F%2Fmail.google.com%2Fmail%2Fu%2F0%2F&emr=1&followup=https%3A%2F%2Fmail.google.com%2Fmail%2Fu%2F0%2F&ifkv=AeDOFXho48atIudWTii4Fx-88tGYGE1x2JW67E6PyRNyk5VjIYmRC3wiVRoVs7O-oN1n1P-vQYkA&osid=1&passive=1209600&service=mail&flowName=GlifWebSignIn&flowEntry=ServiceLogin' successfully

2023-07-25 15:26:28 - [MESSAGE][PASSED] - Navigate to 'https://accounts.google.com/v3/signin/identifier?dsh=S771871841%3A1690278105099859&continue=https%3A%2F%2Fmail.google.com%2Fmail%2Fu%2F0%2F&emr=1&followup=https%3A%2F%2Fmail.google.com%2Fmail%2Fu%2F0%2F&ifkv=AeDOFXho48atIudWTii4Fx-88tGYGE1x2JW67E6PyRNyk5VjIYmRC3wiVRoVs7O-oN1n1P-vQYkA&osid=1&passive=1209600&service=mail&flowName=GlifWebSignIn&flowEntry=ServiceLogin' successfully

2023-07-25 15:26:28 - [TEST_STEP][PASSED] - setText(findTestObject("Object Repository/gmail/Page_Gmail/input_to continue to Gmail_identifier"), "9975195182"): Text '9975195182' is set on object 'Object Repository/gmail/Page_Gmail/input_to continue to Gmail_identifier'

2023-07-25 15:26:35 - [MESSAGE][PASSED] - Text '9975195182' is set on object 'Object Repository/gmail/Page_Gmail/input_to continue to Gmail_identifier'

2023-07-25 15:26:35 - [TEST_STEP][PASSED] - click(findTestObject("Object Repository/gmail/Page_Gmail/span_Next")): Object: 'Object Repository/gmail/Page_Gmail/span_Next' is clicked on

2023-07-25 15:26:39 - [MESSAGE][PASSED] - Object: 'Object Repository/gmail/Page_Gmail/span_Next' is clicked on

2023-07-25 15:26:39 - [TEST_STEP][PASSED] - closeBrowser(): Browser is closed

2023-07-25 15:26:40 - [MESSAGE][PASSED] - Browser is closed]]></system-out>
         <system-err><![CDATA[]]></system-err>
      </testcase>
      <system-out><![CDATA[2023-07-25 15:25:08 - [TEST_SUITE][PASSED] - Gmail_Test Suite: Test Cases/gmail]]></system-out>
      <system-err><![CDATA[]]></system-err>
   </testsuite>
</testsuites>
