<?xml version="1.0" encoding="UTF-8"?>
<testsuites name="Spy web_Test Suite" time="118.078" tests="1" failures="0" errors="0">
   <testsuite name="Spy web_Test Suite" tests="1" failures="0" errors="0" time="118.078" skipped="0" timestamp="2023-07-19 19:42:50" hostname="lenovo - DESKTOP-FS73FSD" id="Test Suites/Spy web_Test Suite">
      <properties>
         <property name="deviceName"/>
         <property name="devicePlatform" value="WINDOWS"/>
         <property name="logFolder" value="C:\\Users\\lenovo\\git\\Bakerhill_Project\\Reports\\20230719_194234\\Spy web_Test Suite\\20230719_194234"/>
         <property name="logFiles" value="C:\\Users\\lenovo\\git\\Bakerhill_Project\\Reports\\20230719_194234\\Spy web_Test Suite\\20230719_194234\\execution0.log"/>
         <property name="attachments" value=""/>
         <property name="hostName" value="lenovo - DESKTOP-FS73FSD"/>
         <property name="remoteDriverUrl" value="testcloud.katalon.com/hub"/>
         <property name="desiredCapabilities" value="{
  &quot;networkConnectionEnabled&quot;: false,
  &quot;chrome&quot;: {
    &quot;chromedriverVersion&quot;: &quot;110.0.5481.30 (aedb656755c469651f01505a4f15e153fc606a1e-refs/branch-heads/5481@{#191})&quot;,
    &quot;userDataDir&quot;: &quot;C:\\Program Files (x86)\\scoped_dir6400_531646037&quot;
  },
  &quot;se:cdpVersion&quot;: &quot;110.0.5481.104&quot;,
  &quot;timeouts&quot;: {
    &quot;implicit&quot;: 0,
    &quot;pageLoad&quot;: 300000,
    &quot;script&quot;: 30000
  },
  &quot;pageLoadStrategy&quot;: &quot;normal&quot;,
  &quot;unhandledPromptBehavior&quot;: &quot;dismiss and notify&quot;,
  &quot;strictFileInteractability&quot;: false,
  &quot;platform&quot;: &quot;WINDOWS&quot;,
  &quot;se:cdp&quot;: &quot;ws://10.0.2.15:4444/session/9fd4a45e6e18dbd6fb2d87d099524553/se/cdp&quot;,
  &quot;proxy&quot;: {
    &quot;proxyType&quot;: &quot;DIRECT&quot;,
    &quot;autodetect&quot;: false
  },
  &quot;goog:chromeOptions&quot;: {
    &quot;debuggerAddress&quot;: &quot;localhost:49867&quot;
  },
  &quot;requestId&quot;: &quot;0b017928-1640-4ae2-b256-855a028157c0&quot;,
  &quot;webauthn:extension:credBlob&quot;: true,
  &quot;acceptInsecureCerts&quot;: false,
  &quot;browserVersion&quot;: &quot;110.0.0.0&quot;,
  &quot;browserName&quot;: &quot;chrome&quot;,
  &quot;javascriptEnabled&quot;: true,
  &quot;katalon:option&quot;: {
    &quot;unlimitedExecutionMinutes&quot;: true,
    &quot;userId&quot;: 1256149,
    &quot;organizationId&quot;: &quot;1217183&quot;,
    &quot;class&quot;: &quot;com.katalon.testcloud.grid.common.tunnel.domain.UserOptionCapability&quot;,
    &quot;runFromTestCloud&quot;: true,
    &quot;usingTunnel&quot;: false
  },
  &quot;platformName&quot;: &quot;WINDOWS&quot;,
  &quot;setWindowRect&quot;: true,
  &quot;webauthn:extension:largeBlob&quot;: true,
  &quot;webauthn:virtualAuthenticators&quot;: true
}"/>
         <property name="os" value="Windows 10 64bit"/>
         <property name="remoteOS" value="Windows"/>
         <property name="katalonVersion" value="8.6.5.208"/>
         <property name="browser" value="Chrome 110.0.0.0"/>
         <property name="hostAddress" value="192.168.71.13"/>
         <property name="sessionId" value="9fd4a45e6e18dbd6fb2d87d099524553"/>
         <property name="seleniumVersion" value="3.141.59"/>
         <property name="proxyInformation" value="ProxyInformation { proxyOption=NO_PROXY, proxyServerType=HTTP, username=, password=********, proxyServerAddress=, proxyServerPort=0, executionList=&quot;&quot;, isApplyToDesiredCapabilities=true }"/>
         <property name="platform" value="Windows 10"/>
      </properties>
      <testcase name="Test Cases/Spy web" time="117.46" classname="Test Cases/Spy web" status="PASSED">
         <system-out><![CDATA[2023-07-19 19:42:50 - [TEST_CASE][PASSED] - Test Cases/Spy web: Test Cases/Spy web

2023-07-19 19:42:51 - [TEST_STEP][PASSED] - openBrowser("https://opensource-demo.orangehrmlive.com/web/index.php/auth/login"): Browser is opened with url: 'https://opensource-demo.orangehrmlive.com/web/index.php/auth/login'

2023-07-19 19:42:52 - [MESSAGE][INFO] - User set preference: ['os', 'windows']

2023-07-19 19:42:52 - [MESSAGE][INFO] - User set preference: ['browserName', 'chrome']

2023-07-19 19:42:52 - [MESSAGE][INFO] - User set preference: ['browserVersion', '110']

2023-07-19 19:42:52 - [MESSAGE][INFO] - User set preference: ['katalon:option', '{organizationId=1217183, tunnelId=, usingTunnel=false}']

2023-07-19 19:42:52 - [MESSAGE][INFO] - Connecting to remote web server 'testcloud.katalon.com/hub' with type 'Selenium'

2023-07-19 19:42:53 - [MESSAGE][INFO] - Action delay is set to 0 milliseconds

2023-07-19 19:44:17 - [MESSAGE][PASSED] - Browser is opened with url: 'https://opensource-demo.orangehrmlive.com/web/index.php/auth/login'

2023-07-19 19:44:17 - [TEST_STEP][PASSED] - setText(findTestObject("Spy web/Page_OrangeHRM/input_Username_username"), "Admin"): Text 'Admin' is set on object 'Object Repository/Spy web/Page_OrangeHRM/input_Username_username'

2023-07-19 19:44:24 - [MESSAGE][PASSED] - Text 'Admin' is set on object 'Object Repository/Spy web/Page_OrangeHRM/input_Username_username'

2023-07-19 19:44:24 - [TEST_STEP][PASSED] - setText(findTestObject("Spy web/Page_OrangeHRM/input_Password_password"), "admin123"): Text 'admin123' is set on object 'Object Repository/Spy web/Page_OrangeHRM/input_Password_password'

2023-07-19 19:44:43 - [MESSAGE][PASSED] - Text 'admin123' is set on object 'Object Repository/Spy web/Page_OrangeHRM/input_Password_password'

2023-07-19 19:44:43 - [TEST_STEP][PASSED] - click(findTestObject("Spy web/Page_OrangeHRM/button_Login")): Object: 'Object Repository/Spy web/Page_OrangeHRM/button_Login' is clicked on

2023-07-19 19:44:48 - [MESSAGE][PASSED] - Object: 'Object Repository/Spy web/Page_OrangeHRM/button_Login' is clicked on]]></system-out>
         <system-err><![CDATA[]]></system-err>
      </testcase>
      <system-out><![CDATA[2023-07-19 19:42:50 - [TEST_SUITE][PASSED] - Spy web_Test Suite: Test Cases/Spy web]]></system-out>
      <system-err><![CDATA[]]></system-err>
   </testsuite>
</testsuites>
