<?xml version="1.0" encoding="UTF-8"?>
<testsuites name="Spy web_Test Suite" time="20.157" tests="1" failures="0" errors="0">
   <testsuite name="Spy web_Test Suite" tests="1" failures="0" errors="0" time="20.157" skipped="0" timestamp="2023-07-19 19:23:25" hostname="lenovo - DESKTOP-FS73FSD" id="Test Suites/Spy web_Test Suite">
      <properties>
         <property name="deviceName" value=""/>
         <property name="devicePlatform" value=""/>
         <property name="logFolder" value="C:\\Users\\lenovo\\git\\Bakerhill_Project\\Reports\\20230719_192319\\Spy web_Test Suite\\20230719_192319"/>
         <property name="logFiles" value="C:\\Users\\lenovo\\git\\Bakerhill_Project\\Reports\\20230719_192319\\Spy web_Test Suite\\20230719_192319\\execution0.log"/>
         <property name="attachments" value=""/>
         <property name="hostName" value="lenovo - DESKTOP-FS73FSD"/>
         <property name="os" value="Windows 10 64bit"/>
         <property name="katalonVersion" value="8.6.5.208"/>
         <property name="browser" value="Chrome 114.0.0.0"/>
         <property name="hostAddress" value="192.168.71.13"/>
         <property name="sessionId" value="38afa9e940a598b3321e2a166b347fe6"/>
         <property name="seleniumVersion" value="3.141.59"/>
         <property name="proxyInformation" value="ProxyInformation { proxyOption=NO_PROXY, proxyServerType=HTTP, username=, password=********, proxyServerAddress=, proxyServerPort=0, executionList=&quot;&quot;, isApplyToDesiredCapabilities=true }"/>
         <property name="platform" value="Windows 10"/>
      </properties>
      <testcase name="Test Cases/Spy web" time="19.04" classname="Test Cases/Spy web" status="PASSED">
         <system-out><![CDATA[2023-07-19 19:23:26 - [TEST_CASE][PASSED] - Test Cases/Spy web: Test Cases/Spy web

2023-07-19 19:23:27 - [TEST_STEP][PASSED] - openBrowser("https://opensource-demo.orangehrmlive.com/web/index.php/auth/login"): Browser is opened with url: 'https://opensource-demo.orangehrmlive.com/web/index.php/auth/login'

2023-07-19 19:23:28 - [MESSAGE][INFO] - Starting 'Chrome' driver

2023-07-19 19:23:28 - [MESSAGE][INFO] - Action delay is set to 0 milliseconds

2023-07-19 19:23:39 - [MESSAGE][PASSED] - Browser is opened with url: 'https://opensource-demo.orangehrmlive.com/web/index.php/auth/login'

2023-07-19 19:23:39 - [TEST_STEP][PASSED] - setText(findTestObject("Spy web/Page_OrangeHRM/input_Username_username"), "Admin"): Text 'Admin' is set on object 'Object Repository/Spy web/Page_OrangeHRM/input_Username_username'

2023-07-19 19:23:41 - [MESSAGE][PASSED] - Text 'Admin' is set on object 'Object Repository/Spy web/Page_OrangeHRM/input_Username_username'

2023-07-19 19:23:41 - [TEST_STEP][PASSED] - setText(findTestObject("Spy web/Page_OrangeHRM/input_Password_password"), "admin123"): Text 'admin123' is set on object 'Object Repository/Spy web/Page_OrangeHRM/input_Password_password'

2023-07-19 19:23:43 - [MESSAGE][PASSED] - Text 'admin123' is set on object 'Object Repository/Spy web/Page_OrangeHRM/input_Password_password'

2023-07-19 19:23:43 - [TEST_STEP][PASSED] - click(findTestObject("Spy web/Page_OrangeHRM/button_Login")): Object: 'Object Repository/Spy web/Page_OrangeHRM/button_Login' is clicked on

2023-07-19 19:23:45 - [MESSAGE][PASSED] - Object: 'Object Repository/Spy web/Page_OrangeHRM/button_Login' is clicked on]]></system-out>
         <system-err><![CDATA[]]></system-err>
      </testcase>
      <system-out><![CDATA[2023-07-19 19:23:25 - [TEST_SUITE][PASSED] - Spy web_Test Suite: Test Cases/Spy web]]></system-out>
      <system-err><![CDATA[]]></system-err>
   </testsuite>
</testsuites>
