<?xml version="1.0" encoding="UTF-8"?>
<testsuites name="open and close_Test Suite" time="33.156" tests="1" failures="0" errors="0">
   <testsuite name="open and close_Test Suite" tests="1" failures="0" errors="0" time="33.156" skipped="0" timestamp="2023-07-25 23:16:37" hostname="lenovo - DESKTOP-FS73FSD" id="Test Suites/open and close_Test Suite">
      <properties>
         <property name="deviceName" value=""/>
         <property name="devicePlatform" value=""/>
         <property name="logFolder" value="C:\\Users\\lenovo\\git\\Bakerhill_Project\\Reports\\20230725_231607\\open and close_Test Suite\\20230725_231607"/>
         <property name="logFiles" value="C:\\Users\\lenovo\\git\\Bakerhill_Project\\Reports\\20230725_231607\\open and close_Test Suite\\20230725_231607\\execution0.log"/>
         <property name="attachments" value=""/>
         <property name="hostName" value="lenovo - DESKTOP-FS73FSD"/>
         <property name="os" value="Windows 10 64bit"/>
         <property name="katalonVersion" value="8.6.5.208"/>
         <property name="browser" value="Chrome 114.0.0.0"/>
         <property name="hostAddress" value="192.168.71.13"/>
         <property name="sessionId" value="68c7cb54d8808eb63361ef7f968cabe5"/>
         <property name="seleniumVersion" value="3.141.59"/>
         <property name="proxyInformation" value="ProxyInformation { proxyOption=NO_PROXY, proxyServerType=HTTP, username=, password=********, proxyServerAddress=, proxyServerPort=0, executionList=&quot;&quot;, isApplyToDesiredCapabilities=true }"/>
         <property name="platform" value="Windows 10"/>
      </properties>
      <testcase name="Test Cases/open and close website" time="32.597" classname="Test Cases/open and close website" status="PASSED">
         <system-out><![CDATA[2023-07-25 23:16:37 - [TEST_CASE][PASSED] - Test Cases/open and close website: Test Cases/open and close website

2023-07-25 23:16:38 - [TEST_STEP][PASSED] - openBrowser(""): Browser is opened with url: ''

2023-07-25 23:16:39 - [MESSAGE][INFO] - Starting 'Chrome' driver

2023-07-25 23:16:39 - [MESSAGE][INFO] - Action delay is set to 0 milliseconds

2023-07-25 23:16:43 - [MESSAGE][PASSED] - Browser is opened with url: ''

2023-07-25 23:16:43 - [TEST_STEP][PASSED] - navigateToUrl("https://www.w3schools.com/sql/"): Navigate to 'https://www.w3schools.com/sql/' successfully

2023-07-25 23:17:09 - [MESSAGE][PASSED] - Navigate to 'https://www.w3schools.com/sql/' successfully

2023-07-25 23:17:09 - [TEST_STEP][PASSED] - click(findTestObject("Object Repository/open and close/Page_SQL Tutorial/a_SQL Intro")): Object: 'Object Repository/open and close/Page_SQL Tutorial/a_SQL Intro' is clicked on

2023-07-25 23:17:10 - [MESSAGE][PASSED] - Object: 'Object Repository/open and close/Page_SQL Tutorial/a_SQL Intro' is clicked on]]></system-out>
         <system-err><![CDATA[]]></system-err>
      </testcase>
      <system-out><![CDATA[2023-07-25 23:16:37 - [TEST_SUITE][PASSED] - open and close_Test Suite: Test Cases/open and close website]]></system-out>
      <system-err><![CDATA[]]></system-err>
   </testsuite>
</testsuites>
