<?xml version="1.0" encoding="UTF-8"?>
<testsuites name="Drag-drop_Test Suite" time="97.488" tests="1" failures="0" errors="0">
   <testsuite name="Drag-drop_Test Suite" tests="1" failures="0" errors="0" time="97.488" skipped="0" timestamp="2023-07-24 10:58:25" hostname="lenovo - DESKTOP-FS73FSD" id="Test Suites/Drag-drop_Test Suite">
      <properties>
         <property name="deviceName"/>
         <property name="devicePlatform" value="WINDOWS"/>
         <property name="logFolder" value="C:\\Users\\lenovo\\git\\Bakerhill_Project\\Reports\\20230724_105813\\Drag-drop_Test Suite\\20230724_105813"/>
         <property name="logFiles" value="C:\\Users\\lenovo\\git\\Bakerhill_Project\\Reports\\20230724_105813\\Drag-drop_Test Suite\\20230724_105813\\execution0.log"/>
         <property name="attachments" value=""/>
         <property name="hostName" value="lenovo - DESKTOP-FS73FSD"/>
         <property name="remoteDriverUrl" value="testcloud.katalon.com/hub"/>
         <property name="desiredCapabilities" value="{
  &quot;networkConnectionEnabled&quot;: false,
  &quot;chrome&quot;: {
    &quot;chromedriverVersion&quot;: &quot;110.0.5481.30 (aedb656755c469651f01505a4f15e153fc606a1e-refs/branch-heads/5481@{#191})&quot;,
    &quot;userDataDir&quot;: &quot;C:\\Program Files (x86)\\scoped_dir4680_1208796844&quot;
  },
  &quot;se:cdpVersion&quot;: &quot;110.0.5481.104&quot;,
  &quot;timeouts&quot;: {
    &quot;implicit&quot;: 0,
    &quot;pageLoad&quot;: 300000,
    &quot;script&quot;: 30000
  },
  &quot;pageLoadStrategy&quot;: &quot;normal&quot;,
  &quot;unhandledPromptBehavior&quot;: &quot;dismiss and notify&quot;,
  &quot;strictFileInteractability&quot;: false,
  &quot;platform&quot;: &quot;WINDOWS&quot;,
  &quot;se:cdp&quot;: &quot;ws://10.0.2.15:4444/session/859f29a79fb723a154c1759892eb5b55/se/cdp&quot;,
  &quot;proxy&quot;: {
    &quot;proxyType&quot;: &quot;DIRECT&quot;,
    &quot;autodetect&quot;: false
  },
  &quot;goog:chromeOptions&quot;: {
    &quot;debuggerAddress&quot;: &quot;localhost:49878&quot;
  },
  &quot;requestId&quot;: &quot;d17888f6-5ec9-4141-92f0-c2695827c644&quot;,
  &quot;webauthn:extension:credBlob&quot;: true,
  &quot;acceptInsecureCerts&quot;: false,
  &quot;browserVersion&quot;: &quot;110.0.0.0&quot;,
  &quot;browserName&quot;: &quot;chrome&quot;,
  &quot;javascriptEnabled&quot;: true,
  &quot;katalon:option&quot;: {
    &quot;unlimitedExecutionMinutes&quot;: true,
    &quot;userId&quot;: 1256149,
    &quot;organizationId&quot;: &quot;1217183&quot;,
    &quot;class&quot;: &quot;com.katalon.testcloud.grid.common.tunnel.domain.UserOptionCapability&quot;,
    &quot;runFromTestCloud&quot;: true,
    &quot;usingTunnel&quot;: false
  },
  &quot;platformName&quot;: &quot;WINDOWS&quot;,
  &quot;setWindowRect&quot;: true,
  &quot;webauthn:extension:largeBlob&quot;: true,
  &quot;webauthn:virtualAuthenticators&quot;: true
}"/>
         <property name="os" value="Windows 10 64bit"/>
         <property name="remoteOS" value="Windows"/>
         <property name="katalonVersion" value="8.6.5.208"/>
         <property name="browser" value="Chrome 110.0.0.0"/>
         <property name="hostAddress" value="192.168.71.13"/>
         <property name="sessionId" value="859f29a79fb723a154c1759892eb5b55"/>
         <property name="seleniumVersion" value="3.141.59"/>
         <property name="proxyInformation" value="ProxyInformation { proxyOption=NO_PROXY, proxyServerType=HTTP, username=, password=********, proxyServerAddress=, proxyServerPort=0, executionList=&quot;&quot;, isApplyToDesiredCapabilities=true }"/>
         <property name="platform" value="Windows 10"/>
      </properties>
      <testcase name="Test Cases/Drag-drop" time="96.741" classname="Test Cases/Drag-drop" status="PASSED">
         <system-out><![CDATA[2023-07-24 10:58:26 - [TEST_CASE][PASSED] - Test Cases/Drag-drop: Test Cases/Drag-drop

2023-07-24 10:58:27 - [TEST_STEP][PASSED] - openBrowser("https://demoqa.com/droppable"): Browser is opened with url: 'https://demoqa.com/droppable'

2023-07-24 10:58:28 - [MESSAGE][INFO] - User set preference: ['os', 'windows']

2023-07-24 10:58:28 - [MESSAGE][INFO] - User set preference: ['browserName', 'chrome']

2023-07-24 10:58:28 - [MESSAGE][INFO] - User set preference: ['browserVersion', '110']

2023-07-24 10:58:28 - [MESSAGE][INFO] - User set preference: ['katalon:option', '{organizationId=1217183, tunnelId=, usingTunnel=false}']

2023-07-24 10:58:28 - [MESSAGE][INFO] - Connecting to remote web server 'testcloud.katalon.com/hub' with type 'Selenium'

2023-07-24 10:58:29 - [MESSAGE][INFO] - Action delay is set to 0 milliseconds

2023-07-24 10:59:53 - [MESSAGE][PASSED] - Browser is opened with url: 'https://demoqa.com/droppable'

2023-07-24 10:59:53 - [TEST_STEP][PASSED] - dragAndDropToObject(findTestObject("Drag-drop/Page_DEMOQA/source"), findTestObject("Drag-drop/Page_DEMOQA/target")): Dragged object with id 'Object Repository/Drag-drop/Page_DEMOQA/source' to object with id 'TestObject - 'Object Repository/Drag-drop/Page_DEMOQA/target'' successfully

2023-07-24 11:00:00 - [MESSAGE][PASSED] - Dragged object with id 'Object Repository/Drag-drop/Page_DEMOQA/source' to object with id 'TestObject - 'Object Repository/Drag-drop/Page_DEMOQA/target'' successfully

2023-07-24 11:00:01 - [TEST_STEP][PASSED] - closeBrowser(): Browser is closed

2023-07-24 11:00:02 - [MESSAGE][PASSED] - Browser is closed]]></system-out>
         <system-err><![CDATA[]]></system-err>
      </testcase>
      <system-out><![CDATA[2023-07-24 10:58:25 - [TEST_SUITE][PASSED] - Drag-drop_Test Suite: Test Cases/Drag-drop]]></system-out>
      <system-err><![CDATA[]]></system-err>
   </testsuite>
</testsuites>
