<?xml version="1.0" encoding="UTF-8"?>
<testsuites name="login 7 Test Suite" time="129.86" tests="1" failures="0" errors="0">
   <testsuite name="login 7 Test Suite" tests="1" failures="0" errors="0" time="129.86" skipped="0" timestamp="2023-07-27 23:11:23" hostname="lenovo - DESKTOP-FS73FSD" id="Test Suites/login 7 Test Suite">
      <properties>
         <property name="deviceName"/>
         <property name="devicePlatform" value="WINDOWS"/>
         <property name="logFolder" value="C:\\Users\\lenovo\\git\\Bakerhill_Project\\Reports\\20230727_231058\\login 7 Test Suite\\20230727_231058"/>
         <property name="logFiles" value="C:\\Users\\lenovo\\git\\Bakerhill_Project\\Reports\\20230727_231058\\login 7 Test Suite\\20230727_231058\\execution0.log"/>
         <property name="attachments" value=""/>
         <property name="hostName" value="lenovo - DESKTOP-FS73FSD"/>
         <property name="remoteDriverUrl" value="testcloud.katalon.com/hub"/>
         <property name="desiredCapabilities" value="{
  &quot;networkConnectionEnabled&quot;: false,
  &quot;chrome&quot;: {
    &quot;chromedriverVersion&quot;: &quot;110.0.5481.30 (aedb656755c469651f01505a4f15e153fc606a1e-refs/branch-heads/5481@{#191})&quot;,
    &quot;userDataDir&quot;: &quot;C:\\Program Files (x86)\\scoped_dir4168_1062689535&quot;
  },
  &quot;os&quot;: &quot;windows&quot;,
  &quot;se:cdpVersion&quot;: &quot;110.0.5481.104&quot;,
  &quot;timeouts&quot;: {
    &quot;implicit&quot;: 0,
    &quot;pageLoad&quot;: 300000,
    &quot;script&quot;: 30000
  },
  &quot;pageLoadStrategy&quot;: &quot;normal&quot;,
  &quot;unhandledPromptBehavior&quot;: &quot;dismiss and notify&quot;,
  &quot;strictFileInteractability&quot;: false,
  &quot;platform&quot;: &quot;WINDOWS&quot;,
  &quot;se:cdp&quot;: &quot;ws://10.0.2.15:4444/session/fcaff99b4f172c431c416d2ac2904745/se/cdp&quot;,
  &quot;proxy&quot;: {
    &quot;proxyType&quot;: &quot;DIRECT&quot;,
    &quot;autodetect&quot;: false
  },
  &quot;goog:chromeOptions&quot;: {
    &quot;debuggerAddress&quot;: &quot;localhost:49873&quot;
  },
  &quot;requestId&quot;: &quot;31989f7b-d005-43c6-bef0-a66cb75ef64a&quot;,
  &quot;webauthn:extension:credBlob&quot;: true,
  &quot;acceptInsecureCerts&quot;: false,
  &quot;browserVersion&quot;: &quot;110.0.0.0&quot;,
  &quot;browserName&quot;: &quot;chrome&quot;,
  &quot;javascriptEnabled&quot;: true,
  &quot;katalon:option&quot;: {
    &quot;unlimitedExecutionMinutes&quot;: true,
    &quot;userId&quot;: 1256149,
    &quot;organizationId&quot;: &quot;1217183&quot;,
    &quot;class&quot;: &quot;com.katalon.testcloud.grid.common.tunnel.domain.UserOptionCapability&quot;,
    &quot;runFromTestCloud&quot;: true,
    &quot;usingTunnel&quot;: false
  },
  &quot;platformName&quot;: &quot;WINDOWS&quot;,
  &quot;setWindowRect&quot;: true,
  &quot;webauthn:extension:largeBlob&quot;: true,
  &quot;webauthn:virtualAuthenticators&quot;: true
}"/>
         <property name="os" value="Windows 10 64bit"/>
         <property name="remoteOS" value="Windows"/>
         <property name="katalonVersion" value="8.6.5.208"/>
         <property name="browser" value="Chrome 110.0.0.0"/>
         <property name="hostAddress" value="192.168.71.13"/>
         <property name="sessionId" value="fcaff99b4f172c431c416d2ac2904745"/>
         <property name="seleniumVersion" value="3.141.59"/>
         <property name="proxyInformation" value="ProxyInformation { proxyOption=NO_PROXY, proxyServerType=HTTP, username=, password=********, proxyServerAddress=, proxyServerPort=0, executionList=&quot;&quot;, isApplyToDesiredCapabilities=true }"/>
         <property name="platform" value="Windows 10"/>
      </properties>
      <testcase name="Test Cases/login 7" time="129.039" classname="Test Cases/login 7" status="PASSED">
         <system-out><![CDATA[2023-07-27 23:11:24 - [TEST_CASE][PASSED] - Test Cases/login 7: Test Cases/login 7

2023-07-27 23:11:25 - [TEST_STEP][PASSED] - openBrowser(""): Browser is opened with url: ''

2023-07-27 23:11:26 - [MESSAGE][INFO] - User set preference: ['os', 'windows']

2023-07-27 23:11:26 - [MESSAGE][INFO] - User set preference: ['browserName', 'chrome']

2023-07-27 23:11:26 - [MESSAGE][INFO] - User set preference: ['browserVersion', '110']

2023-07-27 23:11:26 - [MESSAGE][INFO] - User set preference: ['katalon:option', '{organizationId=1217183, tunnelId=, usingTunnel=false}']

2023-07-27 23:11:26 - [MESSAGE][INFO] - Connecting to remote web server 'testcloud.katalon.com/hub' with type 'Selenium'

2023-07-27 23:11:28 - [MESSAGE][INFO] - Action delay is set to 0 milliseconds

2023-07-27 23:12:59 - [MESSAGE][PASSED] - Browser is opened with url: ''

2023-07-27 23:12:59 - [TEST_STEP][PASSED] - navigateToUrl("https://www.youtube.com/"): Navigate to 'https://www.youtube.com/' successfully

2023-07-27 23:13:04 - [MESSAGE][PASSED] - Navigate to 'https://www.youtube.com/' successfully

2023-07-27 23:13:04 - [TEST_STEP][PASSED] - closeBrowser(): Browser is closed

2023-07-27 23:13:33 - [MESSAGE][PASSED] - Browser is closed]]></system-out>
         <system-err><![CDATA[]]></system-err>
      </testcase>
      <system-out><![CDATA[2023-07-27 23:11:23 - [TEST_SUITE][PASSED] - login 7 Test Suite: Test Cases/login 7]]></system-out>
      <system-err><![CDATA[]]></system-err>
   </testsuite>
</testsuites>
