<?xml version="1.0" encoding="UTF-8"?>
<testsuites name="Upload file_Test Suite" time="12.852" tests="1" failures="0" errors="0">
   <testsuite name="Upload file_Test Suite" tests="1" failures="0" errors="0" time="12.852" skipped="0" timestamp="2023-07-23 12:55:50" hostname="lenovo - DESKTOP-FS73FSD" id="Test Suites/Upload file_Test Suite">
      <properties>
         <property name="deviceName" value=""/>
         <property name="devicePlatform" value=""/>
         <property name="logFolder" value="C:\\Users\\lenovo\\git\\Bakerhill_Project\\Reports\\20230723_125535\\Upload file_Test Suite\\20230723_125535"/>
         <property name="logFiles" value="C:\\Users\\lenovo\\git\\Bakerhill_Project\\Reports\\20230723_125535\\Upload file_Test Suite\\20230723_125535\\execution0.log"/>
         <property name="attachments" value=""/>
         <property name="hostName" value="lenovo - DESKTOP-FS73FSD"/>
         <property name="os" value="Windows 10 64bit"/>
         <property name="katalonVersion" value="8.6.5.208"/>
         <property name="browser" value="Chrome 114.0.0.0"/>
         <property name="hostAddress" value="192.168.71.13"/>
         <property name="sessionId" value="02948a53a32ada2cf83d02247a836c84"/>
         <property name="seleniumVersion" value="3.141.59"/>
         <property name="proxyInformation" value="ProxyInformation { proxyOption=NO_PROXY, proxyServerType=HTTP, username=, password=********, proxyServerAddress=, proxyServerPort=0, executionList=&quot;&quot;, isApplyToDesiredCapabilities=true }"/>
         <property name="platform" value="Windows 10"/>
      </properties>
      <testcase name="Test Cases/Upload files" time="12.223" classname="Test Cases/Upload files" status="PASSED">
         <system-out><![CDATA[2023-07-23 12:55:50 - [TEST_CASE][PASSED] - Test Cases/Upload files: Test Cases/Upload files

2023-07-23 12:55:52 - [TEST_STEP][PASSED] - openBrowser("https://testpages.herokuapp.com/styled/file-upload-test.html"): Browser is opened with url: 'https://testpages.herokuapp.com/styled/file-upload-test.html'

2023-07-23 12:55:53 - [MESSAGE][INFO] - Starting 'Chrome' driver

2023-07-23 12:55:53 - [MESSAGE][INFO] - Action delay is set to 0 milliseconds

2023-07-23 12:56:01 - [MESSAGE][PASSED] - Browser is opened with url: 'https://testpages.herokuapp.com/styled/file-upload-test.html'

2023-07-23 12:56:01 - [TEST_STEP][PASSED] - waitForPageLoad(3): Wait for page load successfully

2023-07-23 12:56:02 - [MESSAGE][PASSED] - Wait for page load successfully

2023-07-23 12:56:02 - [TEST_STEP][PASSED] - closeBrowser(STOP_ON_FAILURE): Browser is closed

2023-07-23 12:56:03 - [MESSAGE][PASSED] - Browser is closed]]></system-out>
         <system-err><![CDATA[]]></system-err>
      </testcase>
      <system-out><![CDATA[2023-07-23 12:55:50 - [TEST_SUITE][PASSED] - Upload file_Test Suite: Test Cases/Upload files]]></system-out>
      <system-err><![CDATA[]]></system-err>
   </testsuite>
</testsuites>
