<?xml version="1.0" encoding="UTF-8"?>
<testsuites name="Facebook_Test Suite" time="71.046" tests="1" failures="0" errors="0">
   <testsuite name="Facebook_Test Suite" tests="1" failures="0" errors="0" time="71.046" skipped="0" timestamp="2023-07-25 15:06:33" hostname="lenovo - DESKTOP-FS73FSD" id="Test Suites/Facebook_Test Suite">
      <properties>
         <property name="deviceName"/>
         <property name="devicePlatform" value="WINDOWS"/>
         <property name="logFolder" value="C:\\Users\\lenovo\\git\\Bakerhill_Project\\Reports\\20230725_150619\\Facebook_Test Suite\\20230725_150619"/>
         <property name="logFiles" value="C:\\Users\\lenovo\\git\\Bakerhill_Project\\Reports\\20230725_150619\\Facebook_Test Suite\\20230725_150619\\execution0.log"/>
         <property name="attachments" value=""/>
         <property name="hostName" value="lenovo - DESKTOP-FS73FSD"/>
         <property name="remoteDriverUrl" value="testcloud.katalon.com/hub"/>
         <property name="desiredCapabilities" value="{
  &quot;networkConnectionEnabled&quot;: false,
  &quot;chrome&quot;: {
    &quot;chromedriverVersion&quot;: &quot;110.0.5481.30 (aedb656755c469651f01505a4f15e153fc606a1e-refs/branch-heads/5481@{#191})&quot;,
    &quot;userDataDir&quot;: &quot;C:\\Program Files (x86)\\scoped_dir1672_674055879&quot;
  },
  &quot;se:cdpVersion&quot;: &quot;110.0.5481.104&quot;,
  &quot;timeouts&quot;: {
    &quot;implicit&quot;: 0,
    &quot;pageLoad&quot;: 300000,
    &quot;script&quot;: 30000
  },
  &quot;pageLoadStrategy&quot;: &quot;normal&quot;,
  &quot;unhandledPromptBehavior&quot;: &quot;dismiss and notify&quot;,
  &quot;strictFileInteractability&quot;: false,
  &quot;platform&quot;: &quot;WINDOWS&quot;,
  &quot;se:cdp&quot;: &quot;ws://10.0.2.15:4444/session/d5336af6e9ba58dbcb3b1483ff009a29/se/cdp&quot;,
  &quot;proxy&quot;: {
    &quot;proxyType&quot;: &quot;DIRECT&quot;,
    &quot;autodetect&quot;: false
  },
  &quot;goog:chromeOptions&quot;: {
    &quot;debuggerAddress&quot;: &quot;localhost:49879&quot;
  },
  &quot;requestId&quot;: &quot;7edb1093-bcc6-4d12-9b8d-e8a22a09b120&quot;,
  &quot;webauthn:extension:credBlob&quot;: true,
  &quot;acceptInsecureCerts&quot;: false,
  &quot;browserVersion&quot;: &quot;110.0.0.0&quot;,
  &quot;browserName&quot;: &quot;chrome&quot;,
  &quot;javascriptEnabled&quot;: true,
  &quot;katalon:option&quot;: {
    &quot;unlimitedExecutionMinutes&quot;: true,
    &quot;userId&quot;: 1256149,
    &quot;organizationId&quot;: &quot;1217183&quot;,
    &quot;class&quot;: &quot;com.katalon.testcloud.grid.common.tunnel.domain.UserOptionCapability&quot;,
    &quot;runFromTestCloud&quot;: true,
    &quot;usingTunnel&quot;: false
  },
  &quot;platformName&quot;: &quot;WINDOWS&quot;,
  &quot;setWindowRect&quot;: true,
  &quot;webauthn:extension:largeBlob&quot;: true,
  &quot;webauthn:virtualAuthenticators&quot;: true
}"/>
         <property name="os" value="Windows 10 64bit"/>
         <property name="remoteOS" value="Windows"/>
         <property name="katalonVersion" value="8.6.5.208"/>
         <property name="browser" value="Chrome 110.0.0.0"/>
         <property name="hostAddress" value="192.168.71.13"/>
         <property name="sessionId" value="d5336af6e9ba58dbcb3b1483ff009a29"/>
         <property name="seleniumVersion" value="3.141.59"/>
         <property name="proxyInformation" value="ProxyInformation { proxyOption=NO_PROXY, proxyServerType=HTTP, username=, password=********, proxyServerAddress=, proxyServerPort=0, executionList=&quot;&quot;, isApplyToDesiredCapabilities=true }"/>
         <property name="platform" value="Windows 10"/>
      </properties>
      <testcase name="Test Cases/Facebook" time="70.274" classname="Test Cases/Facebook" status="PASSED">
         <system-out><![CDATA[2023-07-25 15:06:34 - [TEST_CASE][PASSED] - Test Cases/Facebook: Test Cases/Facebook

2023-07-25 15:06:35 - [TEST_STEP][PASSED] - openBrowser(""): Browser is opened with url: ''

2023-07-25 15:06:36 - [MESSAGE][INFO] - User set preference: ['os', 'windows']

2023-07-25 15:06:36 - [MESSAGE][INFO] - User set preference: ['browserName', 'chrome']

2023-07-25 15:06:36 - [MESSAGE][INFO] - User set preference: ['browserVersion', '110']

2023-07-25 15:06:36 - [MESSAGE][INFO] - User set preference: ['katalon:option', '{organizationId=1217183, tunnelId=, usingTunnel=false}']

2023-07-25 15:06:36 - [MESSAGE][INFO] - Connecting to remote web server 'testcloud.katalon.com/hub' with type 'Selenium'

2023-07-25 15:06:37 - [MESSAGE][INFO] - Action delay is set to 0 milliseconds

2023-07-25 15:07:39 - [MESSAGE][PASSED] - Browser is opened with url: ''

2023-07-25 15:07:39 - [TEST_STEP][PASSED] - navigateToUrl("https://www.facebook.com/"): Navigate to 'https://www.facebook.com/' successfully

2023-07-25 15:07:42 - [MESSAGE][PASSED] - Navigate to 'https://www.facebook.com/' successfully

2023-07-25 15:07:42 - [TEST_STEP][PASSED] - closeBrowser(): Browser is closed

2023-07-25 15:07:44 - [MESSAGE][PASSED] - Browser is closed]]></system-out>
         <system-err><![CDATA[]]></system-err>
      </testcase>
      <system-out><![CDATA[2023-07-25 15:06:33 - [TEST_SUITE][PASSED] - Facebook_Test Suite: Test Cases/Facebook]]></system-out>
      <system-err><![CDATA[]]></system-err>
   </testsuite>
</testsuites>
