<?xml version="1.0" encoding="UTF-8"?>
<testsuites name="Screenshot_Test Suite" time="95.887" tests="1" failures="0" errors="0">
   <testsuite name="Screenshot_Test Suite" tests="1" failures="0" errors="0" time="95.887" skipped="0" timestamp="2023-07-24 11:35:55" hostname="lenovo - DESKTOP-FS73FSD" id="Test Suites/Screenshot_Test Suite">
      <properties>
         <property name="deviceName"/>
         <property name="devicePlatform" value="WINDOWS"/>
         <property name="logFolder" value="C:\\Users\\lenovo\\git\\Bakerhill_Project\\Reports\\20230724_113544\\Screenshot_Test Suite\\20230724_113544"/>
         <property name="logFiles" value="C:\\Users\\lenovo\\git\\Bakerhill_Project\\Reports\\20230724_113544\\Screenshot_Test Suite\\20230724_113544\\execution0.log"/>
         <property name="attachments" value="D:\Screenshot\ss1.png"/>
         <property name="hostName" value="lenovo - DESKTOP-FS73FSD"/>
         <property name="remoteDriverUrl" value="testcloud.katalon.com/hub"/>
         <property name="desiredCapabilities" value="{
  &quot;networkConnectionEnabled&quot;: false,
  &quot;chrome&quot;: {
    &quot;chromedriverVersion&quot;: &quot;110.0.5481.30 (aedb656755c469651f01505a4f15e153fc606a1e-refs/branch-heads/5481@{#191})&quot;,
    &quot;userDataDir&quot;: &quot;C:\\Program Files (x86)\\scoped_dir4764_126931438&quot;
  },
  &quot;se:cdpVersion&quot;: &quot;110.0.5481.104&quot;,
  &quot;timeouts&quot;: {
    &quot;implicit&quot;: 0,
    &quot;pageLoad&quot;: 300000,
    &quot;script&quot;: 30000
  },
  &quot;pageLoadStrategy&quot;: &quot;normal&quot;,
  &quot;unhandledPromptBehavior&quot;: &quot;dismiss and notify&quot;,
  &quot;strictFileInteractability&quot;: false,
  &quot;platform&quot;: &quot;WINDOWS&quot;,
  &quot;se:cdp&quot;: &quot;ws://10.0.2.15:4444/session/631ae0c85f0a6df41b47f32b37a6004f/se/cdp&quot;,
  &quot;proxy&quot;: {
    &quot;proxyType&quot;: &quot;DIRECT&quot;,
    &quot;autodetect&quot;: false
  },
  &quot;goog:chromeOptions&quot;: {
    &quot;debuggerAddress&quot;: &quot;localhost:49871&quot;
  },
  &quot;requestId&quot;: &quot;97b27909-0aac-475d-bc89-fe46f4b31c5f&quot;,
  &quot;webauthn:extension:credBlob&quot;: true,
  &quot;acceptInsecureCerts&quot;: false,
  &quot;browserVersion&quot;: &quot;110.0.0.0&quot;,
  &quot;browserName&quot;: &quot;chrome&quot;,
  &quot;javascriptEnabled&quot;: true,
  &quot;katalon:option&quot;: {
    &quot;unlimitedExecutionMinutes&quot;: true,
    &quot;userId&quot;: 1256149,
    &quot;organizationId&quot;: &quot;1217183&quot;,
    &quot;class&quot;: &quot;com.katalon.testcloud.grid.common.tunnel.domain.UserOptionCapability&quot;,
    &quot;runFromTestCloud&quot;: true,
    &quot;usingTunnel&quot;: false
  },
  &quot;platformName&quot;: &quot;WINDOWS&quot;,
  &quot;setWindowRect&quot;: true,
  &quot;webauthn:extension:largeBlob&quot;: true,
  &quot;webauthn:virtualAuthenticators&quot;: true
}"/>
         <property name="os" value="Windows 10 64bit"/>
         <property name="remoteOS" value="Windows"/>
         <property name="katalonVersion" value="8.6.5.208"/>
         <property name="browser" value="Chrome 110.0.0.0"/>
         <property name="hostAddress" value="192.168.71.13"/>
         <property name="sessionId" value="631ae0c85f0a6df41b47f32b37a6004f"/>
         <property name="seleniumVersion" value="3.141.59"/>
         <property name="proxyInformation" value="ProxyInformation { proxyOption=NO_PROXY, proxyServerType=HTTP, username=, password=********, proxyServerAddress=, proxyServerPort=0, executionList=&quot;&quot;, isApplyToDesiredCapabilities=true }"/>
         <property name="platform" value="Windows 10"/>
      </properties>
      <testcase name="Test Cases/Screenshot" time="95.185" classname="Test Cases/Screenshot" status="PASSED">
         <system-out><![CDATA[2023-07-24 11:35:56 - [TEST_CASE][PASSED] - Test Cases/Screenshot: Test Cases/Screenshot

2023-07-24 11:35:57 - [TEST_STEP][PASSED] - openBrowser("https://demoqa.com/droppable"): Browser is opened with url: 'https://demoqa.com/droppable'

2023-07-24 11:35:57 - [MESSAGE][INFO] - User set preference: ['os', 'windows']

2023-07-24 11:35:57 - [MESSAGE][INFO] - User set preference: ['browserName', 'chrome']

2023-07-24 11:35:57 - [MESSAGE][INFO] - User set preference: ['browserVersion', '110']

2023-07-24 11:35:57 - [MESSAGE][INFO] - User set preference: ['katalon:option', '{organizationId=1217183, tunnelId=, usingTunnel=false}']

2023-07-24 11:35:57 - [MESSAGE][INFO] - Connecting to remote web server 'testcloud.katalon.com/hub' with type 'Selenium'

2023-07-24 11:35:58 - [MESSAGE][INFO] - Action delay is set to 0 milliseconds

2023-07-24 11:37:16 - [MESSAGE][PASSED] - Browser is opened with url: 'https://demoqa.com/droppable'

2023-07-24 11:37:16 - [TEST_STEP][PASSED] - dragAndDropToObject(findTestObject("Drag-drop/Page_DEMOQA/source"), findTestObject("Drag-drop/Page_DEMOQA/target")): Dragged object with id 'Object Repository/Drag-drop/Page_DEMOQA/source' to object with id 'TestObject - 'Object Repository/Drag-drop/Page_DEMOQA/target'' successfully

2023-07-24 11:37:25 - [MESSAGE][PASSED] - Dragged object with id 'Object Repository/Drag-drop/Page_DEMOQA/source' to object with id 'TestObject - 'Object Repository/Drag-drop/Page_DEMOQA/target'' successfully

2023-07-24 11:37:25 - [TEST_STEP][PASSED] - takeScreenshot("D:\Screenshot\ss1.png"): Taking screenshot successfully

2023-07-24 11:37:28 - [MESSAGE][PASSED] - Taking screenshot successfully
[[ATTACHMENT|D:\Screenshot\ss1.png]]

2023-07-24 11:37:28 - [TEST_STEP][PASSED] - closeBrowser(): Browser is closed

2023-07-24 11:37:31 - [MESSAGE][PASSED] - Browser is closed]]></system-out>
         <system-err><![CDATA[]]></system-err>
      </testcase>
      <system-out><![CDATA[2023-07-24 11:35:55 - [TEST_SUITE][PASSED] - Screenshot_Test Suite: Test Cases/Screenshot]]></system-out>
      <system-err><![CDATA[]]></system-err>
   </testsuite>
</testsuites>
