<?xml version="1.0" encoding="UTF-8"?>
<testsuites name="Page link_Test Suite" time="168.419" tests="1" failures="0" errors="0">
   <testsuite name="Page link_Test Suite" tests="1" failures="0" errors="0" time="168.419" skipped="0" timestamp="2023-07-20 10:27:38" hostname="lenovo - DESKTOP-FS73FSD" id="Test Suites/Page link_Test Suite">
      <properties>
         <property name="deviceName"/>
         <property name="devicePlatform" value="WINDOWS"/>
         <property name="logFolder" value="C:\\Users\\lenovo\\git\\Bakerhill_Project\\Reports\\20230720_102726\\Page link_Test Suite\\20230720_102726"/>
         <property name="logFiles" value="C:\\Users\\lenovo\\git\\Bakerhill_Project\\Reports\\20230720_102726\\Page link_Test Suite\\20230720_102726\\execution0.log"/>
         <property name="attachments" value=""/>
         <property name="hostName" value="lenovo - DESKTOP-FS73FSD"/>
         <property name="remoteDriverUrl" value="testcloud.katalon.com/hub"/>
         <property name="desiredCapabilities" value="{
  &quot;networkConnectionEnabled&quot;: false,
  &quot;chrome&quot;: {
    &quot;chromedriverVersion&quot;: &quot;110.0.5481.30 (aedb656755c469651f01505a4f15e153fc606a1e-refs/branch-heads/5481@{#191})&quot;,
    &quot;userDataDir&quot;: &quot;C:\\Program Files (x86)\\scoped_dir2104_2140742672&quot;
  },
  &quot;se:cdpVersion&quot;: &quot;110.0.5481.104&quot;,
  &quot;timeouts&quot;: {
    &quot;implicit&quot;: 0,
    &quot;pageLoad&quot;: 300000,
    &quot;script&quot;: 30000
  },
  &quot;pageLoadStrategy&quot;: &quot;normal&quot;,
  &quot;unhandledPromptBehavior&quot;: &quot;dismiss and notify&quot;,
  &quot;strictFileInteractability&quot;: false,
  &quot;platform&quot;: &quot;WINDOWS&quot;,
  &quot;se:cdp&quot;: &quot;ws://10.0.2.15:4444/session/a2938359d0f0123abd9b3538bf0fad2d/se/cdp&quot;,
  &quot;proxy&quot;: {
    &quot;proxyType&quot;: &quot;DIRECT&quot;,
    &quot;autodetect&quot;: false
  },
  &quot;goog:chromeOptions&quot;: {
    &quot;debuggerAddress&quot;: &quot;localhost:49870&quot;
  },
  &quot;requestId&quot;: &quot;fea460cc-a891-4408-a77d-737e7f3b4741&quot;,
  &quot;webauthn:extension:credBlob&quot;: true,
  &quot;acceptInsecureCerts&quot;: false,
  &quot;browserVersion&quot;: &quot;110.0.0.0&quot;,
  &quot;browserName&quot;: &quot;chrome&quot;,
  &quot;javascriptEnabled&quot;: true,
  &quot;katalon:option&quot;: {
    &quot;unlimitedExecutionMinutes&quot;: true,
    &quot;userId&quot;: 1256149,
    &quot;organizationId&quot;: &quot;1217183&quot;,
    &quot;class&quot;: &quot;com.katalon.testcloud.grid.common.tunnel.domain.UserOptionCapability&quot;,
    &quot;runFromTestCloud&quot;: true,
    &quot;usingTunnel&quot;: false
  },
  &quot;platformName&quot;: &quot;WINDOWS&quot;,
  &quot;setWindowRect&quot;: true,
  &quot;webauthn:extension:largeBlob&quot;: true,
  &quot;webauthn:virtualAuthenticators&quot;: true
}"/>
         <property name="os" value="Windows 10 64bit"/>
         <property name="remoteOS" value="Windows"/>
         <property name="katalonVersion" value="8.6.5.208"/>
         <property name="browser" value="Chrome 110.0.0.0"/>
         <property name="hostAddress" value="192.168.71.13"/>
         <property name="sessionId" value="a2938359d0f0123abd9b3538bf0fad2d"/>
         <property name="seleniumVersion" value="3.141.59"/>
         <property name="proxyInformation" value="ProxyInformation { proxyOption=NO_PROXY, proxyServerType=HTTP, username=, password=********, proxyServerAddress=, proxyServerPort=0, executionList=&quot;&quot;, isApplyToDesiredCapabilities=true }"/>
         <property name="platform" value="Windows 10"/>
      </properties>
      <testcase name="Test Cases/Page link" time="167.715" classname="Test Cases/Page link" status="PASSED">
         <system-out><![CDATA[2023-07-20 10:27:39 - [TEST_CASE][PASSED] - Test Cases/Page link: Test Cases/Page link

2023-07-20 10:27:40 - [TEST_STEP][PASSED] - openBrowser("https://support.google.com/websearch/answer/7013866?hl=en&co=GENIE.Platform%3DAndroid"): Browser is opened with url: 'https://support.google.com/websearch/answer/7013866?hl=en&co=GENIE.Platform%3DAndroid'

2023-07-20 10:27:41 - [MESSAGE][INFO] - User set preference: ['os', 'windows']

2023-07-20 10:27:41 - [MESSAGE][INFO] - User set preference: ['browserName', 'chrome']

2023-07-20 10:27:41 - [MESSAGE][INFO] - User set preference: ['browserVersion', '110']

2023-07-20 10:27:41 - [MESSAGE][INFO] - User set preference: ['katalon:option', '{organizationId=1217183, tunnelId=, usingTunnel=false}']

2023-07-20 10:27:41 - [MESSAGE][INFO] - Connecting to remote web server 'testcloud.katalon.com/hub' with type 'Selenium'

2023-07-20 10:27:42 - [MESSAGE][INFO] - Action delay is set to 0 milliseconds

2023-07-20 10:29:01 - [MESSAGE][PASSED] - Browser is opened with url: 'https://support.google.com/websearch/answer/7013866?hl=en&co=GENIE.Platform%3DAndroid'

2023-07-20 10:29:01 - [TEST_STEP][PASSED] - click(findTestObject("Page link/Page_Manage webpages in the Google app - Android - Google Search Help/a_Learn how to find your saved items")): Object: 'Object Repository/Page link/Page_Manage webpages in the Google app - Android - Google Search Help/a_Learn how to find your saved items' is clicked on

2023-07-20 10:29:35 - [MESSAGE][INFO] - Unable to find the element located by 'By.xpath: //div[@id='hcfe-content']/section/div/div/article/section/div/div/div/div[4]/ul/li[4]/a'. Please recheck the objects properties to make sure the desired element is located. 

2023-07-20 10:29:35 - [MESSAGE][WARNING] - [SELF-HEALING] Failed to find element with id 'Object Repository/Page link/Page_Manage webpages in the Google app - Android - Google Search Help/a_Learn how to find your saved items'. Try using Self-healing.

2023-07-20 10:29:37 - [MESSAGE][INFO] - [SELF-HEALING] Failed Locator: '//div[@id='hcfe-content']/section/div/div/article/section/div/div/div/div[4]/ul/li[4]/a'.

2023-07-20 10:29:39 - [MESSAGE][INFO] - [SELF-HEALING] Working Locator: '//a[contains(text(),'Learn how to find your saved items')]'.

2023-07-20 10:29:42 - [MESSAGE][INFO] - [SELF-HEALING] Screenshot: C:/Users/lenovo/git/Bakerhill_Project/Reports/Self-healing/Object Repository/Page link/Page_Manage webpages in the Google app - Android - Google Search Help/a_Learn how to find your saved items_link.png

2023-07-20 10:29:42 - [MESSAGE][WARNING] - [SELF-HEALING] The current locator of test object 'Object Repository/Page link/Page_Manage webpages in the Google app - Android - Google Search Help/a_Learn how to find your saved items' was broken. Propose an alternative one: '//a[contains(text(),'Learn how to find your saved items')]'.

2023-07-20 10:29:44 - [MESSAGE][PASSED] - Object: 'Object Repository/Page link/Page_Manage webpages in the Google app - Android - Google Search Help/a_Learn how to find your saved items' is clicked on

2023-07-20 10:29:44 - [TEST_STEP][PASSED] - click(findTestObject("Page link/Page_Save links, images  more - Computer - Google Search Help/a_Google")): Object: 'Object Repository/Page link/Page_Save links, images  more - Computer - Google Search Help/a_Google' is clicked on

2023-07-20 10:30:16 - [MESSAGE][INFO] - Unable to find the element located by 'By.xpath: //div[@id='hcfe-content']/section/div/div/article/section/div/div/div/div[4]/ol/li/a'. Please recheck the objects properties to make sure the desired element is located. 

2023-07-20 10:30:16 - [MESSAGE][WARNING] - [SELF-HEALING] Failed to find element with id 'Object Repository/Page link/Page_Save links, images  more - Computer - Google Search Help/a_Google'. Try using Self-healing.

2023-07-20 10:30:19 - [MESSAGE][INFO] - [SELF-HEALING] Failed Locator: '//div[@id='hcfe-content']/section/div/div/article/section/div/div/div/div[4]/ol/li/a'.

2023-07-20 10:30:21 - [MESSAGE][INFO] - [SELF-HEALING] Working Locator: '(//a[contains(text(),'Google')])[2]'.

2023-07-20 10:30:23 - [MESSAGE][INFO] - [SELF-HEALING] Screenshot: C:/Users/lenovo/git/Bakerhill_Project/Reports/Self-healing/Object Repository/Page link/Page_Save links, images  more - Computer - Google Search Help/a_Google_link.png

2023-07-20 10:30:24 - [MESSAGE][WARNING] - [SELF-HEALING] The current locator of test object 'Object Repository/Page link/Page_Save links, images  more - Computer - Google Search Help/a_Google' was broken. Propose an alternative one: '(//a[contains(text(),'Google')])[2]'.

2023-07-20 10:30:24 - [MESSAGE][PASSED] - Object: 'Object Repository/Page link/Page_Save links, images  more - Computer - Google Search Help/a_Google' is clicked on

2023-07-20 10:30:24 - [TEST_STEP][PASSED] - closeBrowser(): Browser is closed

2023-07-20 10:30:27 - [MESSAGE][PASSED] - Browser is closed]]></system-out>
         <system-err><![CDATA[]]></system-err>
      </testcase>
      <system-out><![CDATA[2023-07-20 10:27:38 - [TEST_SUITE][PASSED] - Page link_Test Suite: Test Cases/Page link]]></system-out>
      <system-err><![CDATA[]]></system-err>
   </testsuite>
</testsuites>
